<?xml version="1.0" encoding="UTF-8"?>
<testsuite xmlns:xsi="http://www.w3.org/2001/XMLSchema-instance" xsi:schemaLocation="https://maven.apache.org/surefire/maven-surefire-plugin/xsd/surefire-test-report.xsd" name="TestSuite" time="159.813" tests="4" errors="0" skipped="0" failures="0">
  <properties>
[...]
</properties>
  <testcase name="run_cukes" classname="eshopping.automation.firefox.testRunners.E2E_Runner" time="27.154"/>
  <testcase name="run_cukes" classname="eshopping.automation.firefox.testRunners.HomePage_Runner" time="27.703"/>
  <testcase name="run_cukes" classname="eshopping.automation.chrome.testRunners.E2E_Runner" time="36.872"/>
  <testcase name="run_cukes" classname="eshopping.automation.chrome.testRunners.HomePage_Runner" time="66.185"/>
</testsuite>